<?xml version="1.0" encoding="UTF-8"?>
<!-- Generated by org.testng.reporters.JUnitXMLReporter -->
<testsuite ignored="0" hostname="PK-QAT-LP-229" failures="0" tests="3" name="AllTests" time="36.237" errors="0" timestamp="2024-10-16T18:13:14 IST">
  <testcase classname="testCases.LoginTest" name="userLogin" time="6.486"/>
  <testcase classname="testCases.SetupMenuTest" name="tcClickDealer" time="5.116"/>
  <testcase classname="testCases.DeleteDealerTest" name="tcDeleteDealer" time="10.331"/>
</testsuite> <!-- AllTests -->
