<?xml version="1.0" encoding="UTF-8"?>
<!-- Generated by org.testng.reporters.JUnitXMLReporter -->
<testsuite ignored="0" hostname="PK-QAT-LP-229" failures="0" tests="3" name="AllTests" time="35.121" errors="0" timestamp="2024-10-15T12:43:14 IST">
  <testcase classname="testCases.LoginTest" name="userLogin" time="5.107"/>
  <testcase classname="testCases.EditDealerTest" name="clickdealer" time="6.108"/>
  <testcase classname="testCases.EditDealerTest" name="clickEditbtn" time="11.897"/>
</testsuite> <!-- AllTests -->
