<?xml version="1.0" encoding="UTF-8"?>
<testng-results ignored="0" total="5" passed="5" failed="0" skipped="0">
  <reporter-output>
  </reporter-output>
  <suite started-at="2024-10-17T18:14:47 IST" name="ALFSuite" finished-at="2024-10-17T18:15:53 IST" duration-ms="65795">
    <groups>
    </groups>
    <test started-at="2024-10-17T18:14:47 IST" name="AllTests" finished-at="2024-10-17T18:15:53 IST" duration-ms="65795">
      <class name="testCases.AddLotTest">
        <test-method signature="tcCheckemptyDealer()[pri:1, instance:testCases.AddLotTest@221a3fa4]" started-at="2024-10-17T18:15:14 IST" name="tcCheckemptyDealer" finished-at="2024-10-17T18:15:34 IST" duration-ms="20601" status="PASS">
          <reporter-output>
          </reporter-output>
        </test-method> <!-- tcCheckemptyDealer -->
        <test-method signature="tcAddDealer()[pri:2, instance:testCases.AddLotTest@221a3fa4]" started-at="2024-10-17T18:15:34 IST" name="tcAddDealer" finished-at="2024-10-17T18:15:53 IST" duration-ms="18578" status="PASS">
          <reporter-output>
          </reporter-output>
        </test-method> <!-- tcAddDealer -->
      </class> <!-- testCases.AddLotTest -->
      <class name="testCases.LoginTest">
        <test-method is-config="true" signature="launchURL()[pri:0, instance:testCases.LoginTest@5890e879]" started-at="2024-10-17T18:14:47 IST" name="launchURL" finished-at="2024-10-17T18:15:00 IST" duration-ms="12576" status="PASS">
          <reporter-output>
          </reporter-output>
        </test-method> <!-- launchURL -->
        <test-method signature="userLogin()[pri:1, instance:testCases.LoginTest@5890e879]" started-at="2024-10-17T18:15:00 IST" name="userLogin" finished-at="2024-10-17T18:15:06 IST" duration-ms="6228" status="PASS">
          <reporter-output>
          </reporter-output>
        </test-method> <!-- userLogin -->
      </class> <!-- testCases.LoginTest -->
      <class name="testCases.SetupMenuTest">
        <test-method signature="tcClickDealer()[pri:0, instance:testCases.SetupMenuTest@7d9d0818]" started-at="2024-10-17T18:15:06 IST" name="tcClickDealer" finished-at="2024-10-17T18:15:10 IST" duration-ms="4228" status="PASS">
          <reporter-output>
          </reporter-output>
        </test-method> <!-- tcClickDealer -->
        <test-method signature="tcClickLot()[pri:0, instance:testCases.SetupMenuTest@7d9d0818]" started-at="2024-10-17T18:15:10 IST" name="tcClickLot" finished-at="2024-10-17T18:15:14 IST" duration-ms="3465" status="PASS">
          <reporter-output>
          </reporter-output>
        </test-method> <!-- tcClickLot -->
      </class> <!-- testCases.SetupMenuTest -->
    </test> <!-- AllTests -->
  </suite> <!-- ALFSuite -->
</testng-results>
